TN:
SF:polygons.impl.js
FN:18,point
FN:21,pointsAreEqual
FN:30,bounds
FN:52,translate
FN:66,polygon
FNF:5
FNH:5
FNDA:14,point
FNDA:1,pointsAreEqual
FNDA:4,bounds
FNDA:2,translate
FNDA:1,polygon
DA:1,1
DA:2,1
DA:3,1
DA:4,1
DA:5,1
DA:6,1
DA:7,1
DA:8,1
DA:9,1
DA:10,1
DA:11,1
DA:12,1
DA:13,1
DA:14,1
DA:15,1
DA:16,1
DA:17,1
DA:18,14
DA:19,1
DA:20,1
DA:21,1
DA:22,1
DA:23,1
DA:24,1
DA:25,1
DA:26,1
DA:27,1
DA:28,1
DA:29,1
DA:30,4
DA:31,4
DA:32,4
DA:33,4
DA:34,12
DA:35,12
DA:36,12
DA:37,12
DA:38,12
DA:39,12
DA:40,12
DA:41,12
DA:42,12
DA:43,4
DA:44,4
DA:45,1
DA:46,1
DA:47,1
DA:48,1
DA:49,1
DA:50,1
DA:51,1
DA:52,2
DA:53,2
DA:54,6
DA:55,6
DA:56,6
DA:57,2
DA:58,1
DA:59,1
DA:60,1
DA:61,1
DA:62,1
DA:63,1
DA:64,1
DA:65,1
DA:66,1
DA:67,1
DA:68,1
DA:69,3
DA:70,3
DA:71,1
DA:72,1
DA:73,1
DA:74,1
DA:75,1
DA:76,1
DA:77,1
DA:78,1
DA:79,1
DA:80,1
DA:81,1
DA:82,1
DA:83,1
DA:84,1
DA:85,1
DA:86,1
DA:87,1
DA:88,1
DA:89,1
DA:90,1
DA:91,1
DA:92,1
DA:93,1
DA:94,1
DA:95,1
DA:96,1
DA:97,1
LF:97
LH:97
BRDA:18,0,0,14
BRDA:21,1,0,1
BRDA:30,2,0,4
BRDA:33,3,0,12
BRDA:35,4,0,4
BRDA:37,5,0,4
BRDA:39,6,0,4
BRDA:41,7,0,4
BRDA:52,8,0,2
BRDA:53,9,0,6
BRDA:66,10,0,1
BRDA:68,11,0,3
BRF:12
BRH:12
end_of_record
